e:\visual studio\cpp_project\01cpp\cpp_helloworld\x64\debug\vc143.pdb
e:\visual studio\cpp_project\01cpp\cpp_helloworld\x64\debug\vc143.idb
e:\visual studio\cpp_project\01cpp\cpp_helloworld\x64\debug\10structure_example2.obj
e:\visual studio\cpp_project\01cpp\cpp_helloworld\x64\debug\10structure_example1.obj
e:\visual studio\cpp_project\01cpp\cpp_helloworld\x64\debug\10structure.obj
e:\visual studio\cpp_project\01cpp\cpp_helloworld\x64\debug\09pointer_array_function_example.obj
e:\visual studio\cpp_project\01cpp\cpp_helloworld\x64\debug\09pointer.obj
e:\visual studio\cpp_project\01cpp\cpp_helloworld\x64\debug\08swap.obj
e:\visual studio\cpp_project\01cpp\cpp_helloworld\x64\debug\08function.obj
e:\visual studio\cpp_project\01cpp\cpp_helloworld\x64\debug\07array.obj
e:\visual studio\cpp_project\01cpp\cpp_helloworld\x64\debug\06loop_satement.obj
e:\visual studio\cpp_project\01cpp\cpp_helloworld\x64\debug\05select_satement.obj
e:\visual studio\cpp_project\01cpp\cpp_helloworld\x64\debug\04operator.obj
e:\visual studio\cpp_project\01cpp\cpp_helloworld\x64\debug\03data type.obj
e:\visual studio\cpp_project\01cpp\cpp_helloworld\x64\debug\01helloworld.obj
e:\visual studio\cpp_project\01cpp\cpp_helloworld\x64\debug\02base.obj
e:\visual studio\cpp_project\01cpp\x64\debug\01cpp_base.pdb
e:\visual studio\cpp_project\01cpp\cpp_helloworld\x64\debug\01cpp_base.tlog\cl.command.1.tlog
e:\visual studio\cpp_project\01cpp\cpp_helloworld\x64\debug\01cpp_base.tlog\cl.read.1.tlog
e:\visual studio\cpp_project\01cpp\cpp_helloworld\x64\debug\01cpp_base.tlog\cl.write.1.tlog
e:\visual studio\cpp_project\01cpp\cpp_helloworld\x64\debug\01cpp_base.tlog\link-cvtres.read.1.tlog
e:\visual studio\cpp_project\01cpp\cpp_helloworld\x64\debug\01cpp_base.tlog\link-cvtres.write.1.tlog
e:\visual studio\cpp_project\01cpp\cpp_helloworld\x64\debug\01cpp_base.tlog\link-rc.read.1.tlog
e:\visual studio\cpp_project\01cpp\cpp_helloworld\x64\debug\01cpp_base.tlog\link-rc.write.1.tlog
e:\visual studio\cpp_project\01cpp\cpp_helloworld\x64\debug\01cpp_base.tlog\link.command.1.tlog
e:\visual studio\cpp_project\01cpp\cpp_helloworld\x64\debug\01cpp_base.tlog\link.read.1.tlog
e:\visual studio\cpp_project\01cpp\cpp_helloworld\x64\debug\01cpp_base.tlog\link.read.2.tlog
e:\visual studio\cpp_project\01cpp\cpp_helloworld\x64\debug\01cpp_base.tlog\link.write.1.tlog
